<?xml version="1.0" encoding="UTF-8"?>
<!-- Generated by org.testng.reporters.JUnitReportReporter -->
<testsuite hostname="Nikhil19" failures="0" tests="1" name="Syn_Maven.Maven_Test.Selenium_Test" time="0.016" errors="0" timestamp="2023-06-21T22:51:45 IST" skipped="0">
  <testcase classname="Syn_Maven.Maven_Test.Selenium_Test" name="selenium" time="0.016"/>
  <system-out/>
</testsuite> <!-- Syn_Maven.Maven_Test.Selenium_Test -->
