<?xml version="1.0" encoding="UTF-8"?>
<!-- Generated by org.testng.reporters.JUnitReportReporter -->
<testsuite hostname="Nikhil19" failures="0" tests="1" name="Syn_Maven.Maven_Test.RestAssured_Test" time="0.008" errors="0" timestamp="2023-06-21T22:41:40 IST" skipped="0">
  <testcase classname="Syn_Maven.Maven_Test.RestAssured_Test" name="rest" time="0.008"/>
  <system-out/>
</testsuite> <!-- Syn_Maven.Maven_Test.RestAssured_Test -->
